0 info it worked if it ends with ok
1 verbose cli [ '/usr/local/bin/node', '/usr/local/bin/npm', 'adduser' ]
2 info using npm@4.1.2
3 info using node@v7.5.0
4 verbose stack Error: canceled
4 verbose stack     at Interface.<anonymous> (/usr/local/lib/node_modules/npm/node_modules/read/lib/read.js:66:13)
4 verbose stack     at emitNone (events.js:86:13)
4 verbose stack     at Interface.emit (events.js:186:7)
4 verbose stack     at Interface._ttyWrite (readline.js:725:16)
4 verbose stack     at ReadStream.onkeypress (readline.js:117:10)
4 verbose stack     at emitTwo (events.js:106:13)
4 verbose stack     at ReadStream.emit (events.js:192:7)
4 verbose stack     at emitKeys (internal/readline.js:403:14)
4 verbose stack     at emitKeys.next (<anonymous>)
4 verbose stack     at ReadStream.onData (readline.js:972:36)
5 verbose cwd /Users/uustoboy/web/git/create-cli
6 error Darwin 16.4.0
7 error argv "/usr/local/bin/node" "/usr/local/bin/npm" "adduser"
8 error node v7.5.0
9 error npm  v4.1.2
10 error canceled
11 error If you need help, you may report this error at:
11 error     <https://github.com/npm/npm/issues>
12 verbose exit [ 1, true ]
